proguard/seeds.txt
com.android.mychildstory.R$color: int bg1
com.android.mychildstory.R$color: int black
com.android.mychildstory.R$color: int blue
com.android.mychildstory.R$color: int dark_blue
com.android.mychildstory.R$color: int dark_gray
com.android.mychildstory.R$color: int dark_green
com.android.mychildstory.R$color: int dark_orange
com.android.mychildstory.R$color: int dark_purple
com.android.mychildstory.R$color: int dark_red
com.android.mychildstory.R$color: int dark_transparent
com.android.mychildstory.R$color: int green
com.android.mychildstory.R$color: int light_blue
com.android.mychildstory.R$color: int light_green
com.android.mychildstory.R$color: int light_orange
com.android.mychildstory.R$color: int light_purple
com.android.mychildstory.R$color: int light_red
com.android.mychildstory.R$color: int light_transparent
com.android.mychildstory.R$color: int orange
com.android.mychildstory.R$color: int purple
com.android.mychildstory.R$color: int red
com.android.mychildstory.R$color: int transparent
com.android.mychildstory.R$color: int white
com.android.mychildstory.R$color: int white_blue
com.android.mychildstory.R$color: int white_green
com.android.mychildstory.R$color: int white_orange
com.android.mychildstory.R$color: int white_purple
com.android.mychildstory.R$color: int white_red
com.android.mychildstory.R$dimen: int activity_horizontal_margin
com.android.mychildstory.R$dimen: int activity_vertical_margin
com.android.mychildstory.R$drawable: int btn
com.android.mychildstory.R$drawable: int btn_back
com.android.mychildstory.R$drawable: int btn_button
com.android.mychildstory.R$drawable: int btn_download
com.android.mychildstory.R$drawable: int btn_left
com.android.mychildstory.R$drawable: int btn_right
com.android.mychildstory.R$drawable: int btn_style_alert_dialog_button
com.android.mychildstory.R$drawable: int btn_style_alert_dialog_button_normal
com.android.mychildstory.R$drawable: int btn_style_alert_dialog_button_pressed
com.android.mychildstory.R$drawable: int btn_style_alert_dialog_cancel
com.android.mychildstory.R$drawable: int btn_style_alert_dialog_cancel_normal
com.android.mychildstory.R$drawable: int btn_style_alert_dialog_special
com.android.mychildstory.R$drawable: int btn_style_alert_dialog_special_normal
com.android.mychildstory.R$drawable: int btn_style_alert_dialog_special_pressed
com.android.mychildstory.R$drawable: int button
com.android.mychildstory.R$drawable: int download
com.android.mychildstory.R$drawable: int download_press
com.android.mychildstory.R$drawable: int ic_back
com.android.mychildstory.R$drawable: int ic_back_press
com.android.mychildstory.R$drawable: int ic_btn_disabled1
com.android.mychildstory.R$drawable: int ic_btn_normal1
com.android.mychildstory.R$drawable: int ic_btn_press1
com.android.mychildstory.R$drawable: int ic_button_disabled
com.android.mychildstory.R$drawable: int ic_button_normal
com.android.mychildstory.R$id: int adLayout
com.android.mychildstory.R$id: int adView
com.android.mychildstory.R$id: int ad_other
com.android.mychildstory.R$id: int ad_recommnet
com.android.mychildstory.R$id: int btn_back
com.android.mychildstory.R$id: int btn_nav_page
com.android.mychildstory.R$id: int btn_next_page
com.android.mychildstory.R$id: int btn_previous_page
com.android.mychildstory.R$id: int btn_update
com.android.mychildstory.R$id: int ib_play
com.android.mychildstory.R$id: int ib_stop
com.android.mychildstory.R$id: int iv_download
com.android.mychildstory.R$id: int linearLayout1
com.android.mychildstory.R$id: int linearLayout2
com.android.mychildstory.R$id: int ll_ad
com.android.mychildstory.R$id: int ll_buttons
com.android.mychildstory.R$id: int ll_nav
com.android.mychildstory.R$id: int ll_page
com.android.mychildstory.R$id: int lv_catelog
com.android.mychildstory.R$id: int scrollView1
com.android.mychildstory.R$id: int tv_app_title
com.android.mychildstory.R$id: int tv_content
com.android.mychildstory.R$id: int tv_name
com.android.mychildstory.R$id: int tv_tip
...
com.umeng.newxp.net.b
com.umeng.newxp.net.b: java.lang.String[] a
com.umeng.newxp.net.b: b()
com.umeng.newxp.net.b: com.umeng.newxp.net.g a(com.umeng.newxp.net.f)
com.umeng.newxp.net.b: void <clinit>()
com.umeng.newxp.net.c
com.umeng.newxp.net.c: java.lang.String b
com.umeng.newxp.net.c: java.lang.String a
com.umeng.newxp.net.c: android.content.Context c
com.umeng.newxp.net.c: com.umeng.common.net.a d
com.umeng.newxp.net.c: com.umeng.newxp.net.e e
com.umeng.newxp.net.c: com.umeng.newxp.Promoter f
com.umeng.newxp.net.c: c(android.content.Context,com.umeng.newxp.Promoter,com.umeng.newxp.net.e$a)
com.umeng.newxp.net.c: void a()
com.umeng.newxp.net.c: com.umeng.newxp.Promoter a(com.umeng.newxp.net.c)
com.umeng.newxp.net.c: android.content.Context b(com.umeng.newxp.net.c)
com.umeng.newxp.net.c: java.lang.String b()
com.umeng.newxp.net.c: com.umeng.newxp.net.e c(com.umeng.newxp.net.c)
com.umeng.newxp.net.c: void <clinit>()
com.umeng.newxp.net.c$a
com.umeng.newxp.net.c$a: java.lang.String b
com.umeng.newxp.net.c$a: com.umeng.common.net.c c
com.umeng.newxp.net.c$a: com.umeng.newxp.net.c a
com.umeng.newxp.net.c$a: c$a(com.umeng.newxp.net.c)
com.umeng.newxp.net.c$a: void a()
com.umeng.newxp.net.c$a: void a(int)
com.umeng.newxp.net.c$a: void a(int,int,java.lang.String)
com.umeng.newxp.net.c$a: void b(int)
com.umeng.newxp.net.d
com.umeng.newxp.net.d: d()
com.umeng.newxp.net.d: void onReportStart(java.util.Map)
com.umeng.newxp.net.d: void onReportEnd(com.umeng.common.net.o$a)
com.umeng.newxp.net.e
com.umeng.newxp.net.e: java.util.Map a
com.umeng.newxp.net.e: java.lang.String[] e
com.umeng.newxp.net.e: e(java.util.Map)
com.umeng.newxp.net.e: java.lang.String c()
com.umeng.newxp.net.e: org.json.JSONObject a()
com.umeng.newxp.net.e: com.umeng.newxp.net.e a(org.json.JSONObject)
com.umeng.newxp.net.e: java.lang.String b()
com.umeng.newxp.net.e: java.lang.String e()
com.umeng.newxp.net.e$a
com.umeng.newxp.net.e$a: java.lang.String c
com.umeng.newxp.net.e$a: java.lang.String d
com.umeng.newxp.net.e$a: java.lang.String e
com.umeng.newxp.net.e$a: java.lang.String f
com.umeng.newxp.net.e$a: java.lang.String g
com.umeng.newxp.net.e$a: java.lang.String h
com.umeng.newxp.net.e$a: java.lang.String i
com.umeng.newxp.net.e$a: java.lang.String j
com.umeng.newxp.net.e$a: int k
com.umeng.newxp.net.e$a: long l
com.umeng.newxp.net.e$a: java.lang.String m
com.umeng.newxp.net.e$a: java.lang.String n
com.umeng.newxp.net.e$a: java.lang.String o
com.umeng.newxp.net.e$a: java.lang.String p
com.umeng.newxp.net.e$a: java.lang.String q
com.umeng.newxp.net.e$a: int r
com.umeng.newxp.net.e$a: int s
com.umeng.newxp.net.e$a: int t
com.umeng.newxp.net.e$a: int u
com.umeng.newxp.net.e$a: java.lang.String v
com.umeng.newxp.net.e$a: java.util.Random w
com.umeng.newxp.net.e$a: int x
com.umeng.newxp.net.e$a: int y
com.umeng.newxp.net.e$a: java.lang.String z
com.umeng.newxp.net.e$a: int A
com.umeng.newxp.net.e$a: int B
com.umeng.newxp.net.e$a: android.content.Context a
com.umeng.newxp.net.e$a: java.util.List b
com.umeng.newxp.net.e$a: com.umeng.newxp.net.e$a a(java.lang.String)
com.umeng.newxp.net.e$a: com.umeng.newxp.net.e$a b(java.lang.String)
com.umeng.newxp.net.e$a: com.umeng.newxp.net.e$a c(java.lang.String)
com.umeng.newxp.net.e$a: com.umeng.newxp.net.e$a a(int)
com.umeng.newxp.net.e$a: com.umeng.newxp.net.e$a b(int)
com.umeng.newxp.net.f
com.umeng.newxp.net.f: java.util.Map a
com.umeng.newxp.net.f: f(java.util.Map)
com.umeng.newxp.net.f: org.json.JSONObject a()
com.umeng.newxp.net.f: java.lang.String c()
com.umeng.newxp.net.f: java.lang.String b()
com.umeng.newxp.net.f: void a(java.lang.String)