proguard/mapping.txt
com.umeng.newxp.view.N -> com.umeng.newxp.view.N:
    com.umeng.newxp.view.ExchangeViewManager a -> a
    void run() -> run
com.umeng.newxp.view.O -> com.umeng.newxp.view.O:
    com.umeng.newxp.Promoter a -> a
    com.umeng.newxp.controller.XpListenersCenter$FloatDialogListener b -> b
    com.umeng.newxp.view.ExchangeViewManager c -> c
    void onClick(android.content.DialogInterface,int) -> onClick
com.umeng.newxp.view.P -> com.umeng.newxp.view.P:
    com.umeng.newxp.Promoter a -> a
    boolean b -> b
    com.umeng.common.net.p$a c -> c
    android.view.LayoutInflater d -> d
    com.umeng.newxp.controller.ExchangeDataService e -> e
    android.graphics.drawable.Drawable f -> f
    boolean a(com.umeng.newxp.controller.ExchangeDataService,com.umeng.newxp.Promoter,com.umeng.common.net.p$a) -> a
    boolean a() -> a
    void a(int) -> a
    void b() -> b
    com.umeng.newxp.controller.ExchangeDataService a(com.umeng.newxp.view.P) -> a
    com.umeng.common.net.p$a b(com.umeng.newxp.view.P) -> b
    boolean a(com.umeng.newxp.view.P,boolean) -> a
    android.graphics.drawable.Drawable a(com.umeng.newxp.view.P,android.graphics.drawable.Drawable) -> a
    boolean c(com.umeng.newxp.view.P) -> c
com.umeng.newxp.view.Q -> com.umeng.newxp.view.Q:
    com.umeng.newxp.view.P a -> a
    void onClick(android.view.View) -> onClick
com.umeng.newxp.view.R -> com.umeng.newxp.view.R:
    android.widget.ImageView a -> a
    com.umeng.newxp.view.P b -> b
    void a(com.umeng.common.net.p$b) -> a
    void a(com.umeng.common.net.o$a) -> a
com.umeng.newxp.view.S -> com.umeng.newxp.view.S:
    java.lang.String a -> a
    java.lang.Boolean b -> b
    boolean c -> c
    com.umeng.newxp.view.FloatDialogConfig d -> d
    android.content.Context e -> e
    android.app.Dialog f -> f
    android.view.View a(java.util.List,com.umeng.newxp.controller.ExchangeDataService) -> a
    android.view.View b(java.util.List,com.umeng.newxp.controller.ExchangeDataService) -> b
    com.umeng.newxp.view.P c(java.util.List,com.umeng.newxp.controller.ExchangeDataService) -> c
    android.webkit.WebView a() -> a
    void b(android.webkit.WebView) -> b
    void a(android.webkit.WebView) -> a
    org.json.JSONObject c() -> c
    java.lang.Boolean a(com.umeng.newxp.view.S) -> a
    com.umeng.newxp.view.FloatDialogConfig b(com.umeng.newxp.view.S) -> b
    android.app.Dialog c(com.umeng.newxp.view.S) -> c
    java.lang.Boolean a(com.umeng.newxp.view.S,java.lang.Boolean) -> a
    java.lang.String b() -> b
    android.content.Context d(com.umeng.newxp.view.S) -> d
    boolean e(com.umeng.newxp.view.S) -> e
    boolean a(com.umeng.newxp.view.S,boolean) -> a
com.umeng.newxp.view.T -> com.umeng.newxp.view.T:
    com.umeng.newxp.view.S a -> a
    void a(com.umeng.common.net.p$b) -> a
    void a(com.umeng.common.net.o$a) -> a
com.umeng.newxp.view.U -> com.umeng.newxp.view.U:
    com.umeng.newxp.view.S a -> a
    void onProgressChanged(android.webkit.WebView,int) -> onProgressChanged
com.umeng.newxp.view.UGallery -> com.umeng.newxp.view.UGallery:
    boolean a -> a
    java.lang.String b -> b
    void a() -> a
    void postDelayedScrollNext() -> postDelayedScrollNext
    boolean onTouchEvent(android.view.MotionEvent) -> onTouchEvent
    boolean isTouch() -> isTouch
    boolean a(android.view.MotionEvent,android.view.MotionEvent) -> a
    boolean onFling(android.view.MotionEvent,android.view.MotionEvent,float,float) -> onFling
com.umeng.newxp.view.V -> com.umeng.newxp.view.V:
    android.webkit.WebView a -> a
    com.umeng.newxp.view.S b -> b
    boolean shouldOverrideUrlLoading(android.webkit.WebView,java.lang.String) -> shouldOverrideUrlLoading
    void onPageStarted(android.webkit.WebView,java.lang.String,android.graphics.Bitmap) -> onPageStarted
    void onPageFinished(android.webkit.WebView,java.lang.String) -> onPageFinished
    void onReceivedError(android.webkit.WebView,int,java.lang.String,java.lang.String) -> onReceivedError