proguard/usage.txt
com.android.mychildstory.BuildConfig
com.android.mychildstory.R
com.android.mychildstory.R$attr
com.android.mychildstory.R$color
com.android.mychildstory.R$dimen
com.android.mychildstory.R$drawable
com.android.mychildstory.R$id
com.android.mychildstory.R$layout
com.android.mychildstory.R$menu
com.android.mychildstory.R$string
com.android.mychildstory.R$style
...
android.support.v4.view.accessibility.AccessibilityRecordCompat
android.support.v4.view.accessibility.AccessibilityRecordCompat$AccessibilityRecordIcsImpl
android.support.v4.view.accessibility.AccessibilityRecordCompat$AccessibilityRecordIcsMr1Impl
android.support.v4.view.accessibility.AccessibilityRecordCompat$AccessibilityRecordImpl
android.support.v4.view.accessibility.AccessibilityRecordCompat$AccessibilityRecordJellyBeanImpl
android.support.v4.view.accessibility.AccessibilityRecordCompat$AccessibilityRecordStubImpl
android.support.v4.view.accessibility.AccessibilityRecordCompatIcs
android.support.v4.view.accessibility.AccessibilityRecordCompatIcsMr1
android.support.v4.view.accessibility.AccessibilityRecordCompatJellyBean
android.support.v4.widget.CursorAdapter
android.support.v4.widget.CursorAdapter$1
android.support.v4.widget.CursorAdapter$ChangeObserver
android.support.v4.widget.CursorAdapter$MyDataSetObserver
android.support.v4.widget.CursorFilter
android.support.v4.widget.CursorFilter$CursorFilterClient
android.support.v4.widget.DrawerLayout:
    private static final java.lang.String TAG
    public static final int STATE_IDLE
    public static final int STATE_DRAGGING
    public static final int STATE_SETTLING
    public static final int LOCK_MODE_UNLOCKED
    public static final int LOCK_MODE_LOCKED_CLOSED
    public static final int LOCK_MODE_LOCKED_OPEN
    private static final int MIN_DRAWER_MARGIN
    private static final int DEFAULT_SCRIM_COLOR
    private static final int PEEK_DELAY
    private static final int MIN_FLING_VELOCITY
    private static final boolean ALLOW_EDGE_LOCK
    213:214:public DrawerLayout(android.content.Context)
    217:218:public DrawerLayout(android.content.Context,android.util.AttributeSet)
    221:245:public DrawerLayout(android.content.Context,android.util.AttributeSet,int)
    261:271:public void setDrawerShadow(android.graphics.drawable.Drawable,int)
    281:282:public void setDrawerShadow(int,int)
    390:395:public void setDrawerLockMode(int,android.view.View)
    405:412:public int getDrawerLockMode(int)
    532:540:void moveDrawerToOffset(android.view.View,float)
    995:1004:public void openDrawer(int)
    1038:1047:public void closeDrawer(int)
    1060:1063:public boolean isDrawerOpen(android.view.View)
    1076:1080:public boolean isDrawerOpen(int)
    1107:1111:public boolean isDrawerVisible(int)
    1166:1177:void cancelChildViewTouch()
android.support.v4.widget.DrawerLayout$AccessibilityDelegate
android.support.v4.widget.DrawerLayout$LayoutParams:
    1466:1468:public DrawerLayout$LayoutParams(int,int,int)
android.support.v4.widget.DrawerLayout$SimpleDrawerListener
android.support.v4.widget.DrawerLayout$ViewDragCallback:
    1290:1292:public DrawerLayout$ViewDragCallback(android.support.v4.widget.DrawerLayout,int)
    1295:1296:public void setDragger(android.support.v4.widget.ViewDragHelper)
    1375:1397:private void peekDrawer()
    1280:1280:static synthetic void access$000(android.support.v4.widget.DrawerLayout$ViewDragCallback)
android.support.v4.widget.DrawerLayout$ViewDragCallback$1
android.support.v4.widget.EdgeEffectCompat:
    132:134:public EdgeEffectCompat(android.content.Context)
    204:204:public boolean onAbsorb(int)
android.support.v4.widget.EdgeEffectCompat$BaseEdgeEffectImpl:
    60:60:public java.lang.Object newEdgeEffect(android.content.Context)
    82:82:public boolean onAbsorb(java.lang.Object,int)
android.support.v4.widget.EdgeEffectCompat$EdgeEffectIcsImpl:
    92:92:public java.lang.Object newEdgeEffect(android.content.Context)
    116:116:public boolean onAbsorb(java.lang.Object,int)
android.support.v4.widget.EdgeEffectCompat$EdgeEffectImpl:
    public abstract java.lang.Object newEdgeEffect(android.content.Context)
    public abstract boolean onAbsorb(java.lang.Object,int)